# JRE version: OpenJDK Runtime Environment (8.0_242-b01) (build 1.8.0_242-release-1644-b01)
# Java VM: OpenJDK 64-Bit Server VM (25.242-b01 mixed mode windows-amd64 compressed oops)
Heap:
 PSYoungGen      total 558080K, used 447312K [0x00000000d5580000, 0x0000000100000000, 0x0000000100000000)
  eden space 423424K, 100% used [0x00000000d5580000,0x00000000ef300000,0x00000000ef300000)
  from space 134656K, 17% used [0x00000000f7500000,0x00000000f8c543b8,0x00000000ff880000)
  to   space 133120K, 84% used [0x00000000ef300000,0x00000000f6077320,0x00000000f7500000)
 ParOldGen       total 377856K, used 273349K [0x0000000080000000, 0x0000000097100000, 0x00000000d5580000)
  object space 377856K, 72% used [0x0000000080000000,0x0000000090af1538,0x0000000097100000)
 Metaspace       used 177835K, capacity 187090K, committed 187352K, reserved 1212416K
  class space    used 21946K, capacity 23729K, committed 23808K, reserved 1048576K
GC Heap History (10 events):
Event: 10358.493 GC heap after
Heap after GC invocations=108 (full 8):
 PSYoungGen      total 559616K, used 79638K [0x00000000d5580000, 0x0000000100000000, 0x0000000100000000)
  eden space 423424K, 0% used [0x00000000d5580000,0x00000000d5580000,0x00000000ef300000)
  from space 136192K, 58% used [0x00000000f7b00000,0x00000000fc8c5888,0x0000000100000000)
  to   space 137728K, 0% used [0x00000000ef300000,0x00000000ef300000,0x00000000f7980000)
 ParOldGen       total 377856K, used 214396K [0x0000000080000000, 0x0000000097100000, 0x00000000d5580000)
  object space 377856K, 56% used [0x0000000080000000,0x000000008d15f3b0,0x0000000097100000)
 Metaspace       used 177702K, capacity 187004K, committed 187352K, reserved 1212416K
  class space    used 21945K, capacity 23726K, committed 23808K, reserved 1048576K
}
Event: 10360.271 GC heap before
{Heap before GC invocations=109 (full 8):
 PSYoungGen      total 559616K, used 503062K [0x00000000d5580000, 0x0000000100000000, 0x0000000100000000)
  eden space 423424K, 100% used [0x00000000d5580000,0x00000000ef300000,0x00000000ef300000)
  from space 136192K, 58% used [0x00000000f7b00000,0x00000000fc8c5888,0x0000000100000000)
  to   space 137728K, 0% used [0x00000000ef300000,0x00000000ef300000,0x00000000f7980000)
 ParOldGen       total 377856K, used 214396K [0x0000000080000000, 0x0000000097100000, 0x00000000d5580000)
  object space 377856K, 56% used [0x0000000080000000,0x000000008d15f3b0,0x0000000097100000)
 Metaspace       used 177749K, capacity 187020K, committed 187352K, reserved 1212416K
  class space    used 21946K, capacity 23728K, committed 23808K, reserved 1048576K
Event: 10360.426 GC heap after
Heap after GC invocations=109 (full 8):
 PSYoungGen      total 508416K, used 84655K [0x00000000d5580000, 0x0000000100000000, 0x0000000100000000)
  eden space 423424K, 0% used [0x00000000d5580000,0x00000000d5580000,0x00000000ef300000)
  from space 84992K, 99% used [0x00000000ef300000,0x00000000f45abcc0,0x00000000f4600000)
  to   space 139776K, 0% used [0x00000000f7780000,0x00000000f7780000,0x0000000100000000)
 ParOldGen       total 377856K, used 214444K [0x0000000080000000, 0x0000000097100000, 0x00000000d5580000)
  object space 377856K, 56% used [0x0000000080000000,0x000000008d16b3b0,0x0000000097100000)
 Metaspace       used 177749K, capacity 187020K, committed 187352K, reserved 1212416K
  class space    used 21946K, capacity 23728K, committed 23808K, reserved 1048576K
}
Event: 10364.519 GC heap before
{Heap before GC invocations=110 (full 8):
 PSYoungGen      total 508416K, used 508079K [0x00000000d5580000, 0x0000000100000000, 0x0000000100000000)
  eden space 423424K, 100% used [0x00000000d5580000,0x00000000ef300000,0x00000000ef300000)
  from space 84992K, 99% used [0x00000000ef300000,0x00000000f45abcc0,0x00000000f4600000)
  to   space 139776K, 0% used [0x00000000f7780000,0x00000000f7780000,0x0000000100000000)
 ParOldGen       total 377856K, used 214444K [0x0000000080000000, 0x0000000097100000, 0x00000000d5580000)
  object space 377856K, 56% used [0x0000000080000000,0x000000008d16b3b0,0x0000000097100000)
 Metaspace       used 177756K, capacity 187020K, committed 187352K, reserved 1212416K
  class space    used 21946K, capacity 23728K, committed 23808K, reserved 1048576K
Event: 10364.637 GC heap after
Heap after GC invocations=110 (full 8):
 PSYoungGen      total 561664K, used 74766K [0x00000000d5580000, 0x0000000100000000, 0x0000000100000000)
  eden space 421888K, 0% used [0x00000000d5580000,0x00000000d5580000,0x00000000ef180000)
  from space 139776K, 53% used [0x00000000f7780000,0x00000000fc083af8,0x0000000100000000)
  to   space 137216K, 0% used [0x00000000ef180000,0x00000000ef180000,0x00000000f7780000)
 ParOldGen       total 377856K, used 218019K [0x0000000080000000, 0x0000000097100000, 0x00000000d5580000)
  object space 377856K, 57% used [0x0000000080000000,0x000000008d4e8ed8,0x0000000097100000)
 Metaspace       used 177756K, capacity 187020K, committed 187352K, reserved 1212416K
  class space    used 21946K, capacity 23728K, committed 23808K, reserved 1048576K
}
Event: 10367.066 GC heap before
{Heap before GC invocations=111 (full 8):
 PSYoungGen      total 561664K, used 496654K [0x00000000d5580000, 0x0000000100000000, 0x0000000100000000)
  eden space 421888K, 100% used [0x00000000d5580000,0x00000000ef180000,0x00000000ef180000)
  from space 139776K, 53% used [0x00000000f7780000,0x00000000fc083af8,0x0000000100000000)
  to   space 137216K, 0% used [0x00000000ef180000,0x00000000ef180000,0x00000000f7780000)
 ParOldGen       total 377856K, used 218019K [0x0000000080000000, 0x0000000097100000, 0x00000000d5580000)
  object space 377856K, 57% used [0x0000000080000000,0x000000008d4e8ed8,0x0000000097100000)
 Metaspace       used 177760K, capacity 187020K, committed 187352K, reserved 1212416K
  class space    used 21946K, capacity 23728K, committed 23808K, reserved 1048576K
Event: 10367.170 GC heap after
Heap after GC invocations=111 (full 8):
 PSYoungGen      total 453632K, used 31667K [0x00000000d5580000, 0x00000000ff880000, 0x0000000100000000)
  eden space 421888K, 0% used [0x00000000d5580000,0x00000000d5580000,0x00000000ef180000)
  from space 31744K, 99% used [0x00000000ef180000,0x00000000f106ce68,0x00000000f1080000)
  to   space 134656K, 0% used [0x00000000f7500000,0x00000000f7500000,0x00000000ff880000)
 ParOldGen       total 377856K, used 256692K [0x0000000080000000, 0x0000000097100000, 0x00000000d5580000)
  object space 377856K, 67% used [0x0000000080000000,0x000000008faad190,0x0000000097100000)
 Metaspace       used 177760K, capacity 187020K, committed 187352K, reserved 1212416K
  class space    used 21946K, capacity 23728K, committed 23808K, reserved 1048576K
}
Event: 10370.611 GC heap before
{Heap before GC invocations=112 (full 8):
 PSYoungGen      total 453632K, used 453555K [0x00000000d5580000, 0x00000000ff880000, 0x0000000100000000)
  eden space 421888K, 100% used [0x00000000d5580000,0x00000000ef180000,0x00000000ef180000)
  from space 31744K, 99% used [0x00000000ef180000,0x00000000f106ce68,0x00000000f1080000)
  to   space 134656K, 0% used [0x00000000f7500000,0x00000000f7500000,0x00000000ff880000)
 ParOldGen       total 377856K, used 256692K [0x0000000080000000, 0x0000000097100000, 0x00000000d5580000)
  object space 377856K, 67% used [0x0000000080000000,0x000000008faad190,0x0000000097100000)
 Metaspace       used 177788K, capacity 187084K, committed 187352K, reserved 1212416K
  class space    used 21946K, capacity 23728K, committed 23808K, reserved 1048576K
Event: 10370.731 GC heap after
Heap after GC invocations=112 (full 8):
 PSYoungGen      total 558080K, used 23888K [0x00000000d5580000, 0x0000000100000000, 0x0000000100000000)
  eden space 423424K, 0% used [0x00000000d5580000,0x00000000d5580000,0x00000000ef300000)
  from space 134656K, 17% used [0x00000000f7500000,0x00000000f8c543b8,0x00000000ff880000)
  to   space 133120K, 0% used [0x00000000ef300000,0x00000000ef300000,0x00000000f7500000)
 ParOldGen       total 377856K, used 270834K [0x0000000080000000, 0x0000000097100000, 0x00000000d5580000)
  object space 377856K, 71% used [0x0000000080000000,0x000000009087cb48,0x0000000097100000)
 Metaspace       used 177788K, capacity 187084K, committed 187352K, reserved 1212416K
  class space    used 21946K, capacity 23728K, committed 23808K, reserved 1048576K
}
Event: 10376.947 GC heap before
{Heap before GC invocations=113 (full 8):
 PSYoungGen      total 558080K, used 447312K [0x00000000d5580000, 0x0000000100000000, 0x0000000100000000)
  eden space 423424K, 100% used [0x00000000d5580000,0x00000000ef300000,0x00000000ef300000)
  from space 134656K, 17% used [0x00000000f7500000,0x00000000f8c543b8,0x00000000ff880000)
  to   space 133120K, 0% used [0x00000000ef300000,0x00000000ef300000,0x00000000f7500000)
 ParOldGen       total 377856K, used 270834K [0x0000000080000000, 0x0000000097100000, 0x00000000d5580000)
  object space 377856K, 71% used [0x0000000080000000,0x000000009087cb48,0x0000000097100000)
 Metaspace       used 177835K, capacity 187090K, committed 187352K, reserved 1212416K
  class space    used 21946K, capacity 23729K, committed 23808K, reserved 1048576K

