# JRE version: OpenJDK Runtime Environment (8.0_242-b01) (build 1.8.0_242-release-1644-b01)
# Java VM: OpenJDK 64-Bit Server VM (25.242-b01 mixed mode windows-amd64 compressed oops)
Heap:
 PSYoungGen      total 368128K, used 32254K [0x00000000d5580000, 0x00000000f4400000, 0x0000000100000000)
  eden space 335872K, 0% used [0x00000000d5580000,0x00000000d5580000,0x00000000e9d80000)
  from space 32256K, 99% used [0x00000000f2480000,0x00000000f43ffbc0,0x00000000f4400000)
  to   space 47616K, 0% used [0x00000000ee700000,0x00000000ee700000,0x00000000f1580000)
 ParOldGen       total 107008K, used 86205K [0x0000000080000000, 0x0000000086880000, 0x00000000d5580000)
  object space 107008K, 80% used [0x0000000080000000,0x000000008542f588,0x0000000086880000)
 Metaspace       used 90628K, capacity 94720K, committed 95064K, reserved 1132544K
  class space    used 11943K, capacity 12870K, committed 12928K, reserved 1048576K
GC Heap History (10 events):
Event: 59.799 GC heap after
Heap after GC invocations=11 (full 2):
 PSYoungGen      total 286720K, used 17404K [0x00000000d5580000, 0x00000000ee180000, 0x0000000100000000)
  eden space 269312K, 0% used [0x00000000d5580000,0x00000000d5580000,0x00000000e5c80000)
  from space 17408K, 99% used [0x00000000e5c80000,0x00000000e6d7f320,0x00000000e6d80000)
  to   space 24576K, 0% used [0x00000000ec980000,0x00000000ec980000,0x00000000ee180000)
 ParOldGen       total 66048K, used 29719K [0x0000000080000000, 0x0000000084080000, 0x00000000d5580000)
  object space 66048K, 44% used [0x0000000080000000,0x0000000081d05f30,0x0000000084080000)
 Metaspace       used 56486K, capacity 58810K, committed 58968K, reserved 1099776K
  class space    used 7439K, capacity 7970K, committed 8064K, reserved 1048576K
}
Event: 59.799 GC heap before
{Heap before GC invocations=12 (full 3):
 PSYoungGen      total 286720K, used 17404K [0x00000000d5580000, 0x00000000ee180000, 0x0000000100000000)
  eden space 269312K, 0% used [0x00000000d5580000,0x00000000d5580000,0x00000000e5c80000)
  from space 17408K, 99% used [0x00000000e5c80000,0x00000000e6d7f320,0x00000000e6d80000)
  to   space 24576K, 0% used [0x00000000ec980000,0x00000000ec980000,0x00000000ee180000)
 ParOldGen       total 66048K, used 29719K [0x0000000080000000, 0x0000000084080000, 0x00000000d5580000)
  object space 66048K, 44% used [0x0000000080000000,0x0000000081d05f30,0x0000000084080000)
 Metaspace       used 56486K, capacity 58810K, committed 58968K, reserved 1099776K
  class space    used 7439K, capacity 7970K, committed 8064K, reserved 1048576K
Event: 60.137 GC heap after
Heap after GC invocations=12 (full 3):
 PSYoungGen      total 286720K, used 0K [0x00000000d5580000, 0x00000000ee180000, 0x0000000100000000)
  eden space 269312K, 0% used [0x00000000d5580000,0x00000000d5580000,0x00000000e5c80000)
  from space 17408K, 0% used [0x00000000e5c80000,0x00000000e5c80000,0x00000000e6d80000)
  to   space 24576K, 0% used [0x00000000ec980000,0x00000000ec980000,0x00000000ee180000)
 ParOldGen       total 107008K, used 41687K [0x0000000080000000, 0x0000000086880000, 0x00000000d5580000)
  object space 107008K, 38% used [0x0000000080000000,0x00000000828b5cc8,0x0000000086880000)
 Metaspace       used 56427K, capacity 58664K, committed 58968K, reserved 1099776K
  class space    used 7424K, capacity 7951K, committed 8064K, reserved 1048576K
}
Event: 74.117 GC heap before
{Heap before GC invocations=13 (full 3):
 PSYoungGen      total 286720K, used 269312K [0x00000000d5580000, 0x00000000ee180000, 0x0000000100000000)
  eden space 269312K, 100% used [0x00000000d5580000,0x00000000e5c80000,0x00000000e5c80000)
  from space 17408K, 0% used [0x00000000e5c80000,0x00000000e5c80000,0x00000000e6d80000)
  to   space 24576K, 0% used [0x00000000ec980000,0x00000000ec980000,0x00000000ee180000)
 ParOldGen       total 107008K, used 41687K [0x0000000080000000, 0x0000000086880000, 0x00000000d5580000)
  object space 107008K, 38% used [0x0000000080000000,0x00000000828b5cc8,0x0000000086880000)
 Metaspace       used 72755K, capacity 75908K, committed 76120K, reserved 1114112K
  class space    used 9936K, capacity 10583K, committed 10624K, reserved 1048576K
Event: 74.160 GC heap after
Heap after GC invocations=13 (full 3):
 PSYoungGen      total 375296K, used 24572K [0x00000000d5580000, 0x00000000ee500000, 0x0000000100000000)
  eden space 350720K, 0% used [0x00000000d5580000,0x00000000d5580000,0x00000000eac00000)
  from space 24576K, 99% used [0x00000000ec980000,0x00000000ee17f300,0x00000000ee180000)
  to   space 29184K, 0% used [0x00000000eac00000,0x00000000eac00000,0x00000000ec880000)
 ParOldGen       total 107008K, used 43227K [0x0000000080000000, 0x0000000086880000, 0x00000000d5580000)
  object space 107008K, 40% used [0x0000000080000000,0x0000000082a36f10,0x0000000086880000)
 Metaspace       used 72755K, capacity 75908K, committed 76120K, reserved 1114112K
  class space    used 9936K, capacity 10583K, committed 10624K, reserved 1048576K
}
Event: 557.567 GC heap before
{Heap before GC invocations=14 (full 3):
 PSYoungGen      total 375296K, used 375292K [0x00000000d5580000, 0x00000000ee500000, 0x0000000100000000)
  eden space 350720K, 100% used [0x00000000d5580000,0x00000000eac00000,0x00000000eac00000)
  from space 24576K, 99% used [0x00000000ec980000,0x00000000ee17f300,0x00000000ee180000)
  to   space 29184K, 0% used [0x00000000eac00000,0x00000000eac00000,0x00000000ec880000)
 ParOldGen       total 107008K, used 43227K [0x0000000080000000, 0x0000000086880000, 0x00000000d5580000)
  object space 107008K, 40% used [0x0000000080000000,0x0000000082a36f10,0x0000000086880000)
 Metaspace       used 84167K, capacity 88114K, committed 88280K, reserved 1126400K
  class space    used 11179K, capacity 12017K, committed 12032K, reserved 1048576K
Event: 557.714 GC heap after
Heap after GC invocations=14 (full 3):
 PSYoungGen      total 379904K, used 24719K [0x00000000d5580000, 0x00000000f4400000, 0x0000000100000000)
  eden space 350720K, 0% used [0x00000000d5580000,0x00000000d5580000,0x00000000eac00000)
  from space 29184K, 84% used [0x00000000eac00000,0x00000000ec423c20,0x00000000ec880000)
  to   space 32256K, 0% used [0x00000000f2480000,0x00000000f2480000,0x00000000f4400000)
 ParOldGen       total 107008K, used 57294K [0x0000000080000000, 0x0000000086880000, 0x00000000d5580000)
  object space 107008K, 53% used [0x0000000080000000,0x00000000837f3a00,0x0000000086880000)
 Metaspace       used 84167K, capacity 88114K, committed 88280K, reserved 1126400K
  class space    used 11179K, capacity 12017K, committed 12032K, reserved 1048576K
}
Event: 577.866 GC heap before
{Heap before GC invocations=15 (full 3):
 PSYoungGen      total 379904K, used 375439K [0x00000000d5580000, 0x00000000f4400000, 0x0000000100000000)
  eden space 350720K, 100% used [0x00000000d5580000,0x00000000eac00000,0x00000000eac00000)
  from space 29184K, 84% used [0x00000000eac00000,0x00000000ec423c20,0x00000000ec880000)
  to   space 32256K, 0% used [0x00000000f2480000,0x00000000f2480000,0x00000000f4400000)
 ParOldGen       total 107008K, used 57294K [0x0000000080000000, 0x0000000086880000, 0x00000000d5580000)
  object space 107008K, 53% used [0x0000000080000000,0x00000000837f3a00,0x0000000086880000)
 Metaspace       used 90628K, capacity 94720K, committed 95064K, reserved 1132544K
  class space    used 11943K, capacity 12870K, committed 12928K, reserved 1048576K
Event: 577.960 GC heap after
Heap after GC invocations=15 (full 3):
 PSYoungGen      total 368128K, used 32254K [0x00000000d5580000, 0x00000000f4400000, 0x0000000100000000)
  eden space 335872K, 0% used [0x00000000d5580000,0x00000000d5580000,0x00000000e9d80000)
  from space 32256K, 99% used [0x00000000f2480000,0x00000000f43ffbc0,0x00000000f4400000)
  to   space 47616K, 0% used [0x00000000ee700000,0x00000000ee700000,0x00000000f1580000)
 ParOldGen       total 107008K, used 86205K [0x0000000080000000, 0x0000000086880000, 0x00000000d5580000)
  object space 107008K, 80% used [0x0000000080000000,0x000000008542f588,0x0000000086880000)
 Metaspace       used 90628K, capacity 94720K, committed 95064K, reserved 1132544K
  class space    used 11943K, capacity 12870K, committed 12928K, reserved 1048576K
}
Event: 577.960 GC heap before
{Heap before GC invocations=16 (full 4):
 PSYoungGen      total 368128K, used 32254K [0x00000000d5580000, 0x00000000f4400000, 0x0000000100000000)
  eden space 335872K, 0% used [0x00000000d5580000,0x00000000d5580000,0x00000000e9d80000)
  from space 32256K, 99% used [0x00000000f2480000,0x00000000f43ffbc0,0x00000000f4400000)
  to   space 47616K, 0% used [0x00000000ee700000,0x00000000ee700000,0x00000000f1580000)
 ParOldGen       total 107008K, used 86205K [0x0000000080000000, 0x0000000086880000, 0x00000000d5580000)
  object space 107008K, 80% used [0x0000000080000000,0x000000008542f588,0x0000000086880000)
 Metaspace       used 90628K, capacity 94720K, committed 95064K, reserved 1132544K
  class space    used 11943K, capacity 12870K, committed 12928K, reserved 1048576K

