# JRE version: OpenJDK Runtime Environment (8.0_242-b01) (build 1.8.0_242-release-1644-b01)
# Java VM: OpenJDK 64-Bit Server VM (25.242-b01 mixed mode windows-amd64 compressed oops)
Heap:
 PSYoungGen      total 248832K, used 107987K [0x00000000d5580000, 0x00000000ea700000, 0x0000000100000000)
  eden space 236032K, 40% used [0x00000000d5580000,0x00000000db275f18,0x00000000e3c00000)
  from space 12800K, 99% used [0x00000000e3c00000,0x00000000e487ee58,0x00000000e4880000)
  to   space 18432K, 32% used [0x00000000e9500000,0x00000000e9af0000,0x00000000ea700000)
 ParOldGen       total 1398272K, used 38329K [0x0000000080000000, 0x00000000d5580000, 0x00000000d5580000)
  object space 1398272K, 2% used [0x0000000080000000,0x000000008256e7d0,0x00000000d5580000)
 Metaspace       used 56653K, capacity 58960K, committed 59160K, reserved 1099776K
  class space    used 7730K, capacity 8209K, committed 8240K, reserved 1048576K
GC Heap History (10 events):
Event: 10.239 GC heap after
Heap after GC invocations=9 (full 1):
 PSYoungGen      total 175616K, used 10237K [0x00000000d5580000, 0x00000000e2680000, 0x0000000100000000)
  eden space 165376K, 0% used [0x00000000d5580000,0x00000000d5580000,0x00000000df700000)
  from space 10240K, 99% used [0x00000000e1c80000,0x00000000e267f690,0x00000000e2680000)
  to   space 12288K, 0% used [0x00000000e0e80000,0x00000000e0e80000,0x00000000e1a80000)
 ParOldGen       total 41472K, used 8098K [0x0000000080000000, 0x0000000082880000, 0x00000000d5580000)
  object space 41472K, 19% used [0x0000000080000000,0x00000000807e8a78,0x0000000082880000)
 Metaspace       used 31327K, capacity 32248K, committed 32432K, reserved 1077248K
  class space    used 4255K, capacity 4469K, committed 4528K, reserved 1048576K
}
Event: 11.464 GC heap before
{Heap before GC invocations=10 (full 1):
 PSYoungGen      total 175616K, used 70487K [0x00000000d5580000, 0x00000000e2680000, 0x0000000100000000)
  eden space 165376K, 36% used [0x00000000d5580000,0x00000000d9056930,0x00000000df700000)
  from space 10240K, 99% used [0x00000000e1c80000,0x00000000e267f690,0x00000000e2680000)
  to   space 12288K, 0% used [0x00000000e0e80000,0x00000000e0e80000,0x00000000e1a80000)
 ParOldGen       total 41472K, used 8098K [0x0000000080000000, 0x0000000082880000, 0x00000000d5580000)
  object space 41472K, 19% used [0x0000000080000000,0x00000000807e8a78,0x0000000082880000)
 Metaspace       used 34271K, capacity 35410K, committed 35496K, reserved 1079296K
  class space    used 4723K, capacity 5002K, committed 5040K, reserved 1048576K
Event: 11.497 GC heap after
Heap after GC invocations=10 (full 1):
 PSYoungGen      total 201728K, used 9478K [0x00000000d5580000, 0x00000000e5580000, 0x0000000100000000)
  eden space 189440K, 0% used [0x00000000d5580000,0x00000000d5580000,0x00000000e0e80000)
  from space 12288K, 77% used [0x00000000e0e80000,0x00000000e17c1bf8,0x00000000e1a80000)
  to   space 13312K, 0% used [0x00000000e4880000,0x00000000e4880000,0x00000000e5580000)
 ParOldGen       total 41472K, used 8106K [0x0000000080000000, 0x0000000082880000, 0x00000000d5580000)
  object space 41472K, 19% used [0x0000000080000000,0x00000000807eaa78,0x0000000082880000)
 Metaspace       used 34271K, capacity 35410K, committed 35496K, reserved 1079296K
  class space    used 4723K, capacity 5002K, committed 5040K, reserved 1048576K
}
Event: 11.497 GC heap before
{Heap before GC invocations=11 (full 2):
 PSYoungGen      total 201728K, used 9478K [0x00000000d5580000, 0x00000000e5580000, 0x0000000100000000)
  eden space 189440K, 0% used [0x00000000d5580000,0x00000000d5580000,0x00000000e0e80000)
  from space 12288K, 77% used [0x00000000e0e80000,0x00000000e17c1bf8,0x00000000e1a80000)
  to   space 13312K, 0% used [0x00000000e4880000,0x00000000e4880000,0x00000000e5580000)
 ParOldGen       total 41472K, used 8106K [0x0000000080000000, 0x0000000082880000, 0x00000000d5580000)
  object space 41472K, 19% used [0x0000000080000000,0x00000000807eaa78,0x0000000082880000)
 Metaspace       used 34271K, capacity 35410K, committed 35496K, reserved 1079296K
  class space    used 4723K, capacity 5002K, committed 5040K, reserved 1048576K
Event: 11.608 GC heap after
Heap after GC invocations=11 (full 2):
 PSYoungGen      total 201728K, used 0K [0x00000000d5580000, 0x00000000e5580000, 0x0000000100000000)
  eden space 189440K, 0% used [0x00000000d5580000,0x00000000d5580000,0x00000000e0e80000)
  from space 12288K, 0% used [0x00000000e0e80000,0x00000000e0e80000,0x00000000e1a80000)
  to   space 13312K, 0% used [0x00000000e4880000,0x00000000e4880000,0x00000000e5580000)
 ParOldGen       total 61952K, used 15788K [0x0000000080000000, 0x0000000083c80000, 0x00000000d5580000)
  object space 61952K, 25% used [0x0000000080000000,0x0000000080f6b200,0x0000000083c80000)
 Metaspace       used 34271K, capacity 35410K, committed 35496K, reserved 1079296K
  class space    used 4723K, capacity 5002K, committed 5040K, reserved 1048576K
}
Event: 20.673 GC heap before
{Heap before GC invocations=12 (full 2):
 PSYoungGen      total 201728K, used 189440K [0x00000000d5580000, 0x00000000e5580000, 0x0000000100000000)
  eden space 189440K, 100% used [0x00000000d5580000,0x00000000e0e80000,0x00000000e0e80000)
  from space 12288K, 0% used [0x00000000e0e80000,0x00000000e0e80000,0x00000000e1a80000)
  to   space 13312K, 0% used [0x00000000e4880000,0x00000000e4880000,0x00000000e5580000)
 ParOldGen       total 61952K, used 15788K [0x0000000080000000, 0x0000000083c80000, 0x00000000d5580000)
  object space 61952K, 25% used [0x0000000080000000,0x0000000080f6b200,0x0000000083c80000)
 Metaspace       used 36534K, capacity 37912K, committed 38184K, reserved 1081344K
  class space    used 5018K, capacity 5325K, committed 5424K, reserved 1048576K
Event: 20.685 GC heap after
Heap after GC invocations=12 (full 2):
 PSYoungGen      total 249344K, used 6521K [0x00000000d5580000, 0x00000000e6680000, 0x0000000100000000)
  eden space 236032K, 0% used [0x00000000d5580000,0x00000000d5580000,0x00000000e3c00000)
  from space 13312K, 48% used [0x00000000e4880000,0x00000000e4ede780,0x00000000e5580000)
  to   space 12800K, 0% used [0x00000000e3c00000,0x00000000e3c00000,0x00000000e4880000)
 ParOldGen       total 61952K, used 15796K [0x0000000080000000, 0x0000000083c80000, 0x00000000d5580000)
  object space 61952K, 25% used [0x0000000080000000,0x0000000080f6d200,0x0000000083c80000)
 Metaspace       used 36534K, capacity 37912K, committed 38184K, reserved 1081344K
  class space    used 5018K, capacity 5325K, committed 5424K, reserved 1048576K
}
Event: 27.063 GC heap before
{Heap before GC invocations=13 (full 2):
 PSYoungGen      total 249344K, used 242553K [0x00000000d5580000, 0x00000000e6680000, 0x0000000100000000)
  eden space 236032K, 100% used [0x00000000d5580000,0x00000000e3c00000,0x00000000e3c00000)
  from space 13312K, 48% used [0x00000000e4880000,0x00000000e4ede780,0x00000000e5580000)
  to   space 12800K, 0% used [0x00000000e3c00000,0x00000000e3c00000,0x00000000e4880000)
 ParOldGen       total 61952K, used 15796K [0x0000000080000000, 0x0000000083c80000, 0x00000000d5580000)
  object space 61952K, 25% used [0x0000000080000000,0x0000000080f6d200,0x0000000083c80000)
 Metaspace       used 51084K, capacity 53150K, committed 53416K, reserved 1095680K
  class space    used 6831K, capacity 7331K, committed 7344K, reserved 1048576K
Event: 27.095 GC heap after
Heap after GC invocations=13 (full 2):
 PSYoungGen      total 248832K, used 12795K [0x00000000d5580000, 0x00000000ea700000, 0x0000000100000000)
  eden space 236032K, 0% used [0x00000000d5580000,0x00000000d5580000,0x00000000e3c00000)
  from space 12800K, 99% used [0x00000000e3c00000,0x00000000e487ee58,0x00000000e4880000)
  to   space 18432K, 0% used [0x00000000e9500000,0x00000000e9500000,0x00000000ea700000)
 ParOldGen       total 61952K, used 27146K [0x0000000080000000, 0x0000000083c80000, 0x00000000d5580000)
  object space 61952K, 43% used [0x0000000080000000,0x0000000081a82bd8,0x0000000083c80000)
 Metaspace       used 51084K, capacity 53150K, committed 53416K, reserved 1095680K
  class space    used 6831K, capacity 7331K, committed 7344K, reserved 1048576K
}
Event: 29.210 GC heap before
{Heap before GC invocations=14 (full 2):
 PSYoungGen      total 248832K, used 107987K [0x00000000d5580000, 0x00000000ea700000, 0x0000000100000000)
  eden space 236032K, 40% used [0x00000000d5580000,0x00000000db275f18,0x00000000e3c00000)
  from space 12800K, 99% used [0x00000000e3c00000,0x00000000e487ee58,0x00000000e4880000)
  to   space 18432K, 0% used [0x00000000e9500000,0x00000000e9500000,0x00000000ea700000)
 ParOldGen       total 61952K, used 27146K [0x0000000080000000, 0x0000000083c80000, 0x00000000d5580000)
  object space 61952K, 43% used [0x0000000080000000,0x0000000081a82bd8,0x0000000083c80000)
 Metaspace       used 56653K, capacity 58960K, committed 59160K, reserved 1099776K
  class space    used 7730K, capacity 8209K, committed 8240K, reserved 1048576K

