# JRE version: OpenJDK Runtime Environment (8.0_242-b01) (build 1.8.0_242-release-1644-b01)
# Java VM: OpenJDK 64-Bit Server VM (25.242-b01 mixed mode windows-amd64 compressed oops)
Heap:
 PSYoungGen      total 595968K, used 22933K [0x00000000d5580000, 0x0000000100000000, 0x0000000100000000)
  eden space 556544K, 3% used [0x00000000d5580000,0x00000000d6a682a8,0x00000000f7500000)
  from space 39424K, 3% used [0x00000000fd980000,0x00000000fdafd3c8,0x0000000100000000)
  to   space 71168K, 0% used [0x00000000f7500000,0x00000000f7500000,0x00000000fba80000)
 ParOldGen       total 242688K, used 159594K [0x0000000080000000, 0x000000008ed00000, 0x00000000d5580000)
  object space 242688K, 65% used [0x0000000080000000,0x0000000089bda8e0,0x000000008ed00000)
 Metaspace       used 97426K, capacity 102112K, committed 102232K, reserved 1138688K
  class space    used 12570K, capacity 13597K, committed 13696K, reserved 1048576K
GC Heap History (10 events):
Event: 213.550 GC heap before
{Heap before GC invocations=22 (full 4):
 PSYoungGen      total 672256K, used 240971K [0x00000000d5580000, 0x0000000100000000, 0x0000000100000000)
  eden space 645632K, 36% used [0x00000000d5580000,0x00000000e39333d8,0x00000000fcc00000)
  from space 26624K, 29% used [0x00000000fcc00000,0x00000000fd39f880,0x00000000fe600000)
  to   space 26624K, 0% used [0x00000000fe600000,0x00000000fe600000,0x0000000100000000)
 ParOldGen       total 131584K, used 73968K [0x0000000080000000, 0x0000000088080000, 0x00000000d5580000)
  object space 131584K, 56% used [0x0000000080000000,0x000000008483c208,0x0000000088080000)
 Metaspace       used 87557K, capacity 91510K, committed 91608K, reserved 1128448K
  class space    used 11676K, capacity 12542K, committed 12544K, reserved 1048576K
Event: 213.640 GC heap after
Heap after GC invocations=22 (full 4):
 PSYoungGen      total 644608K, used 22532K [0x00000000d5580000, 0x0000000100000000, 0x0000000100000000)
  eden space 617984K, 0% used [0x00000000d5580000,0x00000000d5580000,0x00000000fb100000)
  from space 26624K, 84% used [0x00000000fe600000,0x00000000ffc01180,0x0000000100000000)
  to   space 40448K, 0% used [0x00000000fb100000,0x00000000fb100000,0x00000000fd880000)
 ParOldGen       total 131584K, used 78346K [0x0000000080000000, 0x0000000088080000, 0x00000000d5580000)
  object space 131584K, 59% used [0x0000000080000000,0x0000000084c82908,0x0000000088080000)
 Metaspace       used 87557K, capacity 91510K, committed 91608K, reserved 1128448K
  class space    used 11676K, capacity 12542K, committed 12544K, reserved 1048576K
}
Event: 213.640 GC heap before
{Heap before GC invocations=23 (full 5):
 PSYoungGen      total 644608K, used 22532K [0x00000000d5580000, 0x0000000100000000, 0x0000000100000000)
  eden space 617984K, 0% used [0x00000000d5580000,0x00000000d5580000,0x00000000fb100000)
  from space 26624K, 84% used [0x00000000fe600000,0x00000000ffc01180,0x0000000100000000)
  to   space 40448K, 0% used [0x00000000fb100000,0x00000000fb100000,0x00000000fd880000)
 ParOldGen       total 131584K, used 78346K [0x0000000080000000, 0x0000000088080000, 0x00000000d5580000)
  object space 131584K, 59% used [0x0000000080000000,0x0000000084c82908,0x0000000088080000)
 Metaspace       used 87557K, capacity 91510K, committed 91608K, reserved 1128448K
  class space    used 11676K, capacity 12542K, committed 12544K, reserved 1048576K
Event: 214.241 GC heap after
Heap after GC invocations=23 (full 5):
 PSYoungGen      total 644608K, used 0K [0x00000000d5580000, 0x0000000100000000, 0x0000000100000000)
  eden space 617984K, 0% used [0x00000000d5580000,0x00000000d5580000,0x00000000fb100000)
  from space 26624K, 0% used [0x00000000fe600000,0x00000000fe600000,0x0000000100000000)
  to   space 40448K, 0% used [0x00000000fb100000,0x00000000fb100000,0x00000000fd880000)
 ParOldGen       total 131584K, used 90901K [0x0000000080000000, 0x0000000088080000, 0x00000000d5580000)
  object space 131584K, 69% used [0x0000000080000000,0x00000000858c54b8,0x0000000088080000)
 Metaspace       used 87557K, capacity 91510K, committed 91608K, reserved 1128448K
  class space    used 11676K, capacity 12542K, committed 12544K, reserved 1048576K
}
Event: 825.379 GC heap before
{Heap before GC invocations=24 (full 5):
 PSYoungGen      total 644608K, used 617984K [0x00000000d5580000, 0x0000000100000000, 0x0000000100000000)
  eden space 617984K, 100% used [0x00000000d5580000,0x00000000fb100000,0x00000000fb100000)
  from space 26624K, 0% used [0x00000000fe600000,0x00000000fe600000,0x0000000100000000)
  to   space 40448K, 0% used [0x00000000fb100000,0x00000000fb100000,0x00000000fd880000)
 ParOldGen       total 131584K, used 90901K [0x0000000080000000, 0x0000000088080000, 0x00000000d5580000)
  object space 131584K, 69% used [0x0000000080000000,0x00000000858c54b8,0x0000000088080000)
 Metaspace       used 92960K, capacity 97362K, committed 97624K, reserved 1134592K
  class space    used 12128K, capacity 13084K, committed 13184K, reserved 1048576K
Event: 825.424 GC heap after
Heap after GC invocations=24 (full 5):
 PSYoungGen      total 658432K, used 18802K [0x00000000d5580000, 0x0000000100000000, 0x0000000100000000)
  eden space 617984K, 0% used [0x00000000d5580000,0x00000000d5580000,0x00000000fb100000)
  from space 40448K, 46% used [0x00000000fb100000,0x00000000fc35c9f0,0x00000000fd880000)
  to   space 39424K, 0% used [0x00000000fd980000,0x00000000fd980000,0x0000000100000000)
 ParOldGen       total 131584K, used 90909K [0x0000000080000000, 0x0000000088080000, 0x00000000d5580000)
  object space 131584K, 69% used [0x0000000080000000,0x00000000858c74b8,0x0000000088080000)
 Metaspace       used 92960K, capacity 97362K, committed 97624K, reserved 1134592K
  class space    used 12128K, capacity 13084K, committed 13184K, reserved 1048576K
}
Event: 844.366 GC heap before
{Heap before GC invocations=25 (full 5):
 PSYoungGen      total 658432K, used 636786K [0x00000000d5580000, 0x0000000100000000, 0x0000000100000000)
  eden space 617984K, 100% used [0x00000000d5580000,0x00000000fb100000,0x00000000fb100000)
  from space 40448K, 46% used [0x00000000fb100000,0x00000000fc35c9f0,0x00000000fd880000)
  to   space 39424K, 0% used [0x00000000fd980000,0x00000000fd980000,0x0000000100000000)
 ParOldGen       total 131584K, used 90913K [0x0000000080000000, 0x0000000088080000, 0x00000000d5580000)
  object space 131584K, 69% used [0x0000000080000000,0x00000000858c84e0,0x0000000088080000)
 Metaspace       used 97425K, capacity 102112K, committed 102232K, reserved 1138688K
  class space    used 12570K, capacity 13597K, committed 13696K, reserved 1048576K
Event: 844.557 GC heap after
Heap after GC invocations=25 (full 5):
 PSYoungGen      total 595968K, used 39416K [0x00000000d5580000, 0x0000000100000000, 0x0000000100000000)
  eden space 556544K, 0% used [0x00000000d5580000,0x00000000d5580000,0x00000000f7500000)
  from space 39424K, 99% used [0x00000000fd980000,0x00000000ffffe358,0x0000000100000000)
  to   space 71168K, 0% used [0x00000000f7500000,0x00000000f7500000,0x00000000fba80000)
 ParOldGen       total 159744K, used 159520K [0x0000000080000000, 0x0000000089c00000, 0x00000000d5580000)
  object space 159744K, 99% used [0x0000000080000000,0x0000000089bc8038,0x0000000089c00000)
 Metaspace       used 97425K, capacity 102112K, committed 102232K, reserved 1138688K
  class space    used 12570K, capacity 13597K, committed 13696K, reserved 1048576K
}
Event: 844.557 GC heap before
{Heap before GC invocations=26 (full 6):
 PSYoungGen      total 595968K, used 39416K [0x00000000d5580000, 0x0000000100000000, 0x0000000100000000)
  eden space 556544K, 0% used [0x00000000d5580000,0x00000000d5580000,0x00000000f7500000)
  from space 39424K, 99% used [0x00000000fd980000,0x00000000ffffe358,0x0000000100000000)
  to   space 71168K, 0% used [0x00000000f7500000,0x00000000f7500000,0x00000000fba80000)
 ParOldGen       total 159744K, used 159520K [0x0000000080000000, 0x0000000089c00000, 0x00000000d5580000)
  object space 159744K, 99% used [0x0000000080000000,0x0000000089bc8038,0x0000000089c00000)
 Metaspace       used 97425K, capacity 102112K, committed 102232K, reserved 1138688K
  class space    used 12570K, capacity 13597K, committed 13696K, reserved 1048576K
Event: 845.546 GC heap after
Heap after GC invocations=26 (full 6):
 PSYoungGen      total 595968K, used 1524K [0x00000000d5580000, 0x0000000100000000, 0x0000000100000000)
  eden space 556544K, 0% used [0x00000000d5580000,0x00000000d5580000,0x00000000f7500000)
  from space 39424K, 3% used [0x00000000fd980000,0x00000000fdafd3c8,0x0000000100000000)
  to   space 71168K, 0% used [0x00000000f7500000,0x00000000f7500000,0x00000000fba80000)
 ParOldGen       total 242688K, used 159594K [0x0000000080000000, 0x000000008ed00000, 0x00000000d5580000)
  object space 242688K, 65% used [0x0000000080000000,0x0000000089bda8e0,0x000000008ed00000)
 Metaspace       used 97425K, capacity 102112K, committed 102232K, reserved 1138688K
  class space    used 12570K, capacity 13597K, committed 13696K, reserved 1048576K
}

