# JRE version: OpenJDK Runtime Environment (8.0_242-b01) (build 1.8.0_242-release-1644-b01)
# Java VM: OpenJDK 64-Bit Server VM (25.242-b01 mixed mode windows-amd64 compressed oops)
Heap:
 PSYoungGen      total 528384K, used 258416K [0x00000000d5580000, 0x0000000100000000, 0x0000000100000000)
  eden space 389120K, 30% used [0x00000000d5580000,0x00000000dca210e8,0x00000000ed180000)
  from space 139264K, 99% used [0x00000000ed180000,0x00000000f593b100,0x00000000f5980000)
  to   space 170496K, 0% used [0x00000000f5980000,0x00000000f5980000,0x0000000100000000)
 ParOldGen       total 301056K, used 90940K [0x0000000080000000, 0x0000000092600000, 0x00000000d5580000)
  object space 301056K, 30% used [0x0000000080000000,0x00000000858cf088,0x0000000092600000)
 Metaspace       used 172323K, capacity 179502K, committed 179736K, reserved 1206272K
  class space    used 21674K, capacity 22984K, committed 23088K, reserved 1048576K
GC Heap History (10 events):
Event: 3441.726 GC heap before
{Heap before GC invocations=32 (full 5):
 PSYoungGen      total 480256K, used 359377K [0x00000000d5580000, 0x00000000fbe80000, 0x0000000100000000)
  eden space 342016K, 100% used [0x00000000d5580000,0x00000000ea380000,0x00000000ea380000)
  from space 138240K, 12% used [0x00000000f3780000,0x00000000f48745e0,0x00000000fbe80000)
  to   space 144896K, 0% used [0x00000000ea380000,0x00000000ea380000,0x00000000f3100000)
 ParOldGen       total 301056K, used 90900K [0x0000000080000000, 0x0000000092600000, 0x00000000d5580000)
  object space 301056K, 30% used [0x0000000080000000,0x00000000858c5088,0x0000000092600000)
 Metaspace       used 152235K, capacity 158084K, committed 158360K, reserved 1187840K
  class space    used 19209K, capacity 20339K, committed 20400K, reserved 1048576K
Event: 3441.926 GC heap after
Heap after GC invocations=32 (full 5):
 PSYoungGen      total 486912K, used 110178K [0x00000000d5580000, 0x00000000ff080000, 0x0000000100000000)
  eden space 342016K, 0% used [0x00000000d5580000,0x00000000d5580000,0x00000000ea380000)
  from space 144896K, 76% used [0x00000000ea380000,0x00000000f0f189b8,0x00000000f3100000)
  to   space 156160K, 0% used [0x00000000f5800000,0x00000000f5800000,0x00000000ff080000)
 ParOldGen       total 301056K, used 90908K [0x0000000080000000, 0x0000000092600000, 0x00000000d5580000)
  object space 301056K, 30% used [0x0000000080000000,0x00000000858c7088,0x0000000092600000)
 Metaspace       used 152235K, capacity 158084K, committed 158360K, reserved 1187840K
  class space    used 19209K, capacity 20339K, committed 20400K, reserved 1048576K
}
Event: 3450.307 GC heap before
{Heap before GC invocations=33 (full 5):
 PSYoungGen      total 486912K, used 452194K [0x00000000d5580000, 0x00000000ff080000, 0x0000000100000000)
  eden space 342016K, 100% used [0x00000000d5580000,0x00000000ea380000,0x00000000ea380000)
  from space 144896K, 76% used [0x00000000ea380000,0x00000000f0f189b8,0x00000000f3100000)
  to   space 156160K, 0% used [0x00000000f5800000,0x00000000f5800000,0x00000000ff080000)
 ParOldGen       total 301056K, used 90908K [0x0000000080000000, 0x0000000092600000, 0x00000000d5580000)
  object space 301056K, 30% used [0x0000000080000000,0x00000000858c7088,0x0000000092600000)
 Metaspace       used 152411K, capacity 158372K, committed 158616K, reserved 1187840K
  class space    used 19224K, capacity 20365K, committed 20400K, reserved 1048576K
Event: 3450.368 GC heap after
Heap after GC invocations=33 (full 5):
 PSYoungGen      total 517632K, used 28251K [0x00000000d5580000, 0x00000000fe800000, 0x0000000100000000)
  eden space 370176K, 0% used [0x00000000d5580000,0x00000000d5580000,0x00000000ebf00000)
  from space 147456K, 19% used [0x00000000f5800000,0x00000000f7396fa0,0x00000000fe800000)
  to   space 152064K, 0% used [0x00000000ebf00000,0x00000000ebf00000,0x00000000f5380000)
 ParOldGen       total 301056K, used 90916K [0x0000000080000000, 0x0000000092600000, 0x00000000d5580000)
  object space 301056K, 30% used [0x0000000080000000,0x00000000858c9088,0x0000000092600000)
 Metaspace       used 152411K, capacity 158372K, committed 158616K, reserved 1187840K
  class space    used 19224K, capacity 20365K, committed 20400K, reserved 1048576K
}
Event: 3884.559 GC heap before
{Heap before GC invocations=34 (full 5):
 PSYoungGen      total 517632K, used 398427K [0x00000000d5580000, 0x00000000fe800000, 0x0000000100000000)
  eden space 370176K, 100% used [0x00000000d5580000,0x00000000ebf00000,0x00000000ebf00000)
  from space 147456K, 19% used [0x00000000f5800000,0x00000000f7396fa0,0x00000000fe800000)
  to   space 152064K, 0% used [0x00000000ebf00000,0x00000000ebf00000,0x00000000f5380000)
 ParOldGen       total 301056K, used 90916K [0x0000000080000000, 0x0000000092600000, 0x00000000d5580000)
  object space 301056K, 30% used [0x0000000080000000,0x00000000858c9088,0x0000000092600000)
 Metaspace       used 157876K, capacity 164662K, committed 164760K, reserved 1193984K
  class space    used 19875K, capacity 21148K, committed 21168K, reserved 1048576K
Event: 3884.666 GC heap after
Heap after GC invocations=34 (full 5):
 PSYoungGen      total 522240K, used 74265K [0x00000000d5580000, 0x00000000ffa00000, 0x0000000100000000)
  eden space 370176K, 0% used [0x00000000d5580000,0x00000000d5580000,0x00000000ebf00000)
  from space 152064K, 48% used [0x00000000ebf00000,0x00000000f0786620,0x00000000f5380000)
  to   space 148992K, 0% used [0x00000000f6880000,0x00000000f6880000,0x00000000ffa00000)
 ParOldGen       total 301056K, used 90924K [0x0000000080000000, 0x0000000092600000, 0x00000000d5580000)
  object space 301056K, 30% used [0x0000000080000000,0x00000000858cb088,0x0000000092600000)
 Metaspace       used 157876K, capacity 164662K, committed 164760K, reserved 1193984K
  class space    used 19875K, capacity 21148K, committed 21168K, reserved 1048576K
}
Event: 4045.139 GC heap before
{Heap before GC invocations=35 (full 5):
 PSYoungGen      total 522240K, used 444441K [0x00000000d5580000, 0x00000000ffa00000, 0x0000000100000000)
  eden space 370176K, 100% used [0x00000000d5580000,0x00000000ebf00000,0x00000000ebf00000)
  from space 152064K, 48% used [0x00000000ebf00000,0x00000000f0786620,0x00000000f5380000)
  to   space 148992K, 0% used [0x00000000f6880000,0x00000000f6880000,0x00000000ffa00000)
 ParOldGen       total 301056K, used 90924K [0x0000000080000000, 0x0000000092600000, 0x00000000d5580000)
  object space 301056K, 30% used [0x0000000080000000,0x00000000858cb088,0x0000000092600000)
 Metaspace       used 162983K, capacity 169786K, committed 170008K, reserved 1198080K
  class space    used 20519K, capacity 21794K, committed 21808K, reserved 1048576K
Event: 4045.289 GC heap after
Heap after GC invocations=35 (full 5):
 PSYoungGen      total 538112K, used 98597K [0x00000000d5580000, 0x0000000100000000, 0x0000000100000000)
  eden space 389120K, 0% used [0x00000000d5580000,0x00000000d5580000,0x00000000ed180000)
  from space 148992K, 66% used [0x00000000f6880000,0x00000000fc8c94b8,0x00000000ffa00000)
  to   space 154624K, 0% used [0x00000000ed180000,0x00000000ed180000,0x00000000f6880000)
 ParOldGen       total 301056K, used 90932K [0x0000000080000000, 0x0000000092600000, 0x00000000d5580000)
  object space 301056K, 30% used [0x0000000080000000,0x00000000858cd088,0x0000000092600000)
 Metaspace       used 162983K, capacity 169786K, committed 170008K, reserved 1198080K
  class space    used 20519K, capacity 21794K, committed 21808K, reserved 1048576K
}
Event: 4048.192 GC heap before
{Heap before GC invocations=36 (full 5):
 PSYoungGen      total 538112K, used 487717K [0x00000000d5580000, 0x0000000100000000, 0x0000000100000000)
  eden space 389120K, 100% used [0x00000000d5580000,0x00000000ed180000,0x00000000ed180000)
  from space 148992K, 66% used [0x00000000f6880000,0x00000000fc8c94b8,0x00000000ffa00000)
  to   space 154624K, 0% used [0x00000000ed180000,0x00000000ed180000,0x00000000f6880000)
 ParOldGen       total 301056K, used 90932K [0x0000000080000000, 0x0000000092600000, 0x00000000d5580000)
  object space 301056K, 30% used [0x0000000080000000,0x00000000858cd088,0x0000000092600000)
 Metaspace       used 172224K, capacity 179118K, committed 179352K, reserved 1206272K
  class space    used 21651K, capacity 22942K, committed 22960K, reserved 1048576K
Event: 4048.337 GC heap after
Heap after GC invocations=36 (full 5):
 PSYoungGen      total 528384K, used 138988K [0x00000000d5580000, 0x0000000100000000, 0x0000000100000000)
  eden space 389120K, 0% used [0x00000000d5580000,0x00000000d5580000,0x00000000ed180000)
  from space 139264K, 99% used [0x00000000ed180000,0x00000000f593b100,0x00000000f5980000)
  to   space 170496K, 0% used [0x00000000f5980000,0x00000000f5980000,0x0000000100000000)
 ParOldGen       total 301056K, used 90940K [0x0000000080000000, 0x0000000092600000, 0x00000000d5580000)
  object space 301056K, 30% used [0x0000000080000000,0x00000000858cf088,0x0000000092600000)
 Metaspace       used 172224K, capacity 179118K, committed 179352K, reserved 1206272K
  class space    used 21651K, capacity 22942K, committed 22960K, reserved 1048576K
}

