# JRE version: OpenJDK Runtime Environment (8.0_242-b01) (build 1.8.0_242-release-1644-b01)
# Java VM: OpenJDK 64-Bit Server VM (25.242-b01 mixed mode windows-amd64 compressed oops)
Heap:
 PSYoungGen      total 346624K, used 34301K [0x00000000d5580000, 0x00000000f0880000, 0x0000000100000000)
  eden space 312320K, 0% used [0x00000000d5580000,0x00000000d5580000,0x00000000e8680000)
  from space 34304K, 99% used [0x00000000ebd00000,0x00000000ede7f558,0x00000000ede80000)
  to   space 55808K, 0% used [0x00000000e8680000,0x00000000e8680000,0x00000000ebd00000)
 ParOldGen       total 108544K, used 102569K [0x0000000080000000, 0x0000000086a00000, 0x00000000d5580000)
  object space 108544K, 94% used [0x0000000080000000,0x000000008642a5e0,0x0000000086a00000)
 Metaspace       used 90662K, capacity 94930K, committed 95064K, reserved 1132544K
  class space    used 11977K, capacity 12925K, committed 12928K, reserved 1048576K
GC Heap History (10 events):
Event: 54.129 GC heap after
Heap after GC invocations=15 (full 3):
 PSYoungGen      total 255488K, used 17677K [0x00000000d5580000, 0x00000000e6880000, 0x0000000100000000)
  eden space 236032K, 0% used [0x00000000d5580000,0x00000000d5580000,0x00000000e3c00000)
  from space 19456K, 90% used [0x00000000e5180000,0x00000000e62c3708,0x00000000e6480000)
  to   space 22016K, 0% used [0x00000000e3c00000,0x00000000e3c00000,0x00000000e5180000)
 ParOldGen       total 108544K, used 33572K [0x0000000080000000, 0x0000000086a00000, 0x00000000d5580000)
  object space 108544K, 30% used [0x0000000080000000,0x00000000820c9358,0x0000000086a00000)
 Metaspace       used 67430K, capacity 70280K, committed 70488K, reserved 1110016K
  class space    used 9163K, capacity 9744K, committed 9856K, reserved 1048576K
}
Event: 81.560 GC heap before
{Heap before GC invocations=16 (full 3):
 PSYoungGen      total 255488K, used 253709K [0x00000000d5580000, 0x00000000e6880000, 0x0000000100000000)
  eden space 236032K, 100% used [0x00000000d5580000,0x00000000e3c00000,0x00000000e3c00000)
  from space 19456K, 90% used [0x00000000e5180000,0x00000000e62c3708,0x00000000e6480000)
  to   space 22016K, 0% used [0x00000000e3c00000,0x00000000e3c00000,0x00000000e5180000)
 ParOldGen       total 108544K, used 33572K [0x0000000080000000, 0x0000000086a00000, 0x00000000d5580000)
  object space 108544K, 30% used [0x0000000080000000,0x00000000820c9358,0x0000000086a00000)
 Metaspace       used 74735K, capacity 78052K, committed 78168K, reserved 1116160K
  class space    used 10122K, capacity 10839K, committed 10880K, reserved 1048576K
Event: 81.610 GC heap after
Heap after GC invocations=16 (full 3):
 PSYoungGen      total 258048K, used 21987K [0x00000000d5580000, 0x00000000ea880000, 0x0000000100000000)
  eden space 236032K, 0% used [0x00000000d5580000,0x00000000d5580000,0x00000000e3c00000)
  from space 22016K, 99% used [0x00000000e3c00000,0x00000000e5178c10,0x00000000e5180000)
  to   space 26624K, 0% used [0x00000000e8e80000,0x00000000e8e80000,0x00000000ea880000)
 ParOldGen       total 108544K, used 37466K [0x0000000080000000, 0x0000000086a00000, 0x00000000d5580000)
  object space 108544K, 34% used [0x0000000080000000,0x00000000824968f8,0x0000000086a00000)
 Metaspace       used 74735K, capacity 78052K, committed 78168K, reserved 1116160K
  class space    used 10122K, capacity 10839K, committed 10880K, reserved 1048576K
}
Event: 289.799 GC heap before
{Heap before GC invocations=17 (full 3):
 PSYoungGen      total 258048K, used 258019K [0x00000000d5580000, 0x00000000ea880000, 0x0000000100000000)
  eden space 236032K, 100% used [0x00000000d5580000,0x00000000e3c00000,0x00000000e3c00000)
  from space 22016K, 99% used [0x00000000e3c00000,0x00000000e5178c10,0x00000000e5180000)
  to   space 26624K, 0% used [0x00000000e8e80000,0x00000000e8e80000,0x00000000ea880000)
 ParOldGen       total 108544K, used 37466K [0x0000000080000000, 0x0000000086a00000, 0x00000000d5580000)
  object space 108544K, 34% used [0x0000000080000000,0x00000000824968f8,0x0000000086a00000)
 Metaspace       used 84770K, capacity 88688K, committed 88920K, reserved 1126400K
  class space    used 11235K, capacity 12092K, committed 12160K, reserved 1048576K
Event: 289.893 GC heap after
Heap after GC invocations=17 (full 3):
 PSYoungGen      total 307200K, used 22050K [0x00000000d5580000, 0x00000000ea480000, 0x0000000100000000)
  eden space 284672K, 0% used [0x00000000d5580000,0x00000000d5580000,0x00000000e6b80000)
  from space 22528K, 97% used [0x00000000e8e80000,0x00000000ea408978,0x00000000ea480000)
  to   space 29184K, 0% used [0x00000000e6b80000,0x00000000e6b80000,0x00000000e8800000)
 ParOldGen       total 108544K, used 57032K [0x0000000080000000, 0x0000000086a00000, 0x00000000d5580000)
  object space 108544K, 52% used [0x0000000080000000,0x00000000837b2158,0x0000000086a00000)
 Metaspace       used 84770K, capacity 88688K, committed 88920K, reserved 1126400K
  class space    used 11235K, capacity 12092K, committed 12160K, reserved 1048576K
}
Event: 336.368 GC heap before
{Heap before GC invocations=18 (full 3):
 PSYoungGen      total 307200K, used 306722K [0x00000000d5580000, 0x00000000ea480000, 0x0000000100000000)
  eden space 284672K, 100% used [0x00000000d5580000,0x00000000e6b80000,0x00000000e6b80000)
  from space 22528K, 97% used [0x00000000e8e80000,0x00000000ea408978,0x00000000ea480000)
  to   space 29184K, 0% used [0x00000000e6b80000,0x00000000e6b80000,0x00000000e8800000)
 ParOldGen       total 108544K, used 57032K [0x0000000080000000, 0x0000000086a00000, 0x00000000d5580000)
  object space 108544K, 52% used [0x0000000080000000,0x00000000837b2158,0x0000000086a00000)
 Metaspace       used 89055K, capacity 93142K, committed 93400K, reserved 1130496K
  class space    used 11763K, capacity 12689K, committed 12800K, reserved 1048576K
Event: 336.421 GC heap after
Heap after GC invocations=18 (full 3):
 PSYoungGen      total 313856K, used 29162K [0x00000000d5580000, 0x00000000ede80000, 0x0000000100000000)
  eden space 284672K, 0% used [0x00000000d5580000,0x00000000d5580000,0x00000000e6b80000)
  from space 29184K, 99% used [0x00000000e6b80000,0x00000000e87fa8f0,0x00000000e8800000)
  to   space 34304K, 0% used [0x00000000ebd00000,0x00000000ebd00000,0x00000000ede80000)
 ParOldGen       total 108544K, used 58304K [0x0000000080000000, 0x0000000086a00000, 0x00000000d5580000)
  object space 108544K, 53% used [0x0000000080000000,0x00000000838f01d0,0x0000000086a00000)
 Metaspace       used 89055K, capacity 93142K, committed 93400K, reserved 1130496K
  class space    used 11763K, capacity 12689K, committed 12800K, reserved 1048576K
}
Event: 361.046 GC heap before
{Heap before GC invocations=19 (full 3):
 PSYoungGen      total 313856K, used 313834K [0x00000000d5580000, 0x00000000ede80000, 0x0000000100000000)
  eden space 284672K, 100% used [0x00000000d5580000,0x00000000e6b80000,0x00000000e6b80000)
  from space 29184K, 99% used [0x00000000e6b80000,0x00000000e87fa8f0,0x00000000e8800000)
  to   space 34304K, 0% used [0x00000000ebd00000,0x00000000ebd00000,0x00000000ede80000)
 ParOldGen       total 108544K, used 58304K [0x0000000080000000, 0x0000000086a00000, 0x00000000d5580000)
  object space 108544K, 53% used [0x0000000080000000,0x00000000838f01d0,0x0000000086a00000)
 Metaspace       used 90662K, capacity 94930K, committed 95064K, reserved 1132544K
  class space    used 11977K, capacity 12925K, committed 12928K, reserved 1048576K
Event: 361.229 GC heap after
Heap after GC invocations=19 (full 3):
 PSYoungGen      total 346624K, used 34301K [0x00000000d5580000, 0x00000000f0880000, 0x0000000100000000)
  eden space 312320K, 0% used [0x00000000d5580000,0x00000000d5580000,0x00000000e8680000)
  from space 34304K, 99% used [0x00000000ebd00000,0x00000000ede7f558,0x00000000ede80000)
  to   space 55808K, 0% used [0x00000000e8680000,0x00000000e8680000,0x00000000ebd00000)
 ParOldGen       total 108544K, used 102569K [0x0000000080000000, 0x0000000086a00000, 0x00000000d5580000)
  object space 108544K, 94% used [0x0000000080000000,0x000000008642a5e0,0x0000000086a00000)
 Metaspace       used 90662K, capacity 94930K, committed 95064K, reserved 1132544K
  class space    used 11977K, capacity 12925K, committed 12928K, reserved 1048576K
}
Event: 361.229 GC heap before
{Heap before GC invocations=20 (full 4):
 PSYoungGen      total 346624K, used 34301K [0x00000000d5580000, 0x00000000f0880000, 0x0000000100000000)
  eden space 312320K, 0% used [0x00000000d5580000,0x00000000d5580000,0x00000000e8680000)
  from space 34304K, 99% used [0x00000000ebd00000,0x00000000ede7f558,0x00000000ede80000)
  to   space 55808K, 0% used [0x00000000e8680000,0x00000000e8680000,0x00000000ebd00000)
 ParOldGen       total 108544K, used 102569K [0x0000000080000000, 0x0000000086a00000, 0x00000000d5580000)
  object space 108544K, 94% used [0x0000000080000000,0x000000008642a5e0,0x0000000086a00000)
 Metaspace       used 90662K, capacity 94930K, committed 95064K, reserved 1132544K
  class space    used 11977K, capacity 12925K, committed 12928K, reserved 1048576K

