# JRE version: OpenJDK Runtime Environment (8.0_242-b01) (build 1.8.0_242-release-1644-b01)
# Java VM: OpenJDK 64-Bit Server VM (25.242-b01 mixed mode windows-amd64 compressed oops)
Heap:
 PSYoungGen      total 607744K, used 50158K [0x00000000d5580000, 0x0000000100000000, 0x0000000100000000)
  eden space 557568K, 0% used [0x00000000d5580000,0x00000000d5580000,0x00000000f7600000)
  from space 50176K, 99% used [0x00000000fcf00000,0x00000000ffffba68,0x0000000100000000)
  to   space 70656K, 0% used [0x00000000f7600000,0x00000000f7600000,0x00000000fbb00000)
 ParOldGen       total 197120K, used 193969K [0x0000000080000000, 0x000000008c080000, 0x00000000d5580000)
  object space 197120K, 98% used [0x0000000080000000,0x000000008bd6c4f8,0x000000008c080000)
 Metaspace       used 130125K, capacity 138812K, committed 139200K, reserved 1169408K
  class space    used 16919K, capacity 18503K, committed 18624K, reserved 1048576K
GC Heap History (10 events):
Event: 1602.008 GC heap after
Heap after GC invocations=28 (full 4):
 PSYoungGen      total 635392K, used 40970K [0x00000000d5580000, 0x0000000100000000, 0x0000000100000000)
  eden space 582144K, 0% used [0x00000000d5580000,0x00000000d5580000,0x00000000f8e00000)
  from space 53248K, 76% used [0x00000000fc880000,0x00000000ff082aa0,0x00000000ffc80000)
  to   space 58368K, 0% used [0x00000000f8e00000,0x00000000f8e00000,0x00000000fc700000)
 ParOldGen       total 197120K, used 159968K [0x0000000080000000, 0x000000008c080000, 0x00000000d5580000)
  object space 197120K, 81% used [0x0000000080000000,0x0000000089c38158,0x000000008c080000)
 Metaspace       used 115914K, capacity 123010K, committed 123328K, reserved 1157120K
  class space    used 15110K, capacity 16477K, committed 16576K, reserved 1048576K
}
Event: 1666.108 GC heap before
{Heap before GC invocations=29 (full 4):
 PSYoungGen      total 635392K, used 623114K [0x00000000d5580000, 0x0000000100000000, 0x0000000100000000)
  eden space 582144K, 100% used [0x00000000d5580000,0x00000000f8e00000,0x00000000f8e00000)
  from space 53248K, 76% used [0x00000000fc880000,0x00000000ff082aa0,0x00000000ffc80000)
  to   space 58368K, 0% used [0x00000000f8e00000,0x00000000f8e00000,0x00000000fc700000)
 ParOldGen       total 197120K, used 159968K [0x0000000080000000, 0x000000008c080000, 0x00000000d5580000)
  object space 197120K, 81% used [0x0000000080000000,0x0000000089c38158,0x000000008c080000)
 Metaspace       used 116054K, capacity 123020K, committed 123328K, reserved 1157120K
  class space    used 15111K, capacity 16478K, committed 16576K, reserved 1048576K
Event: 1666.142 GC heap after
Heap after GC invocations=29 (full 4):
 PSYoungGen      total 640512K, used 17899K [0x00000000d5580000, 0x00000000fff00000, 0x0000000100000000)
  eden space 582144K, 0% used [0x00000000d5580000,0x00000000d5580000,0x00000000f8e00000)
  from space 58368K, 30% used [0x00000000f8e00000,0x00000000f9f7aeb0,0x00000000fc700000)
  to   space 55296K, 0% used [0x00000000fc900000,0x00000000fc900000,0x00000000fff00000)
 ParOldGen       total 197120K, used 159976K [0x0000000080000000, 0x000000008c080000, 0x00000000d5580000)
  object space 197120K, 81% used [0x0000000080000000,0x0000000089c3a158,0x000000008c080000)
 Metaspace       used 116054K, capacity 123020K, committed 123328K, reserved 1157120K
  class space    used 15111K, capacity 16478K, committed 16576K, reserved 1048576K
}
Event: 1987.091 GC heap before
{Heap before GC invocations=30 (full 4):
 PSYoungGen      total 640512K, used 600043K [0x00000000d5580000, 0x00000000fff00000, 0x0000000100000000)
  eden space 582144K, 100% used [0x00000000d5580000,0x00000000f8e00000,0x00000000f8e00000)
  from space 58368K, 30% used [0x00000000f8e00000,0x00000000f9f7aeb0,0x00000000fc700000)
  to   space 55296K, 0% used [0x00000000fc900000,0x00000000fc900000,0x00000000fff00000)
 ParOldGen       total 197120K, used 159976K [0x0000000080000000, 0x000000008c080000, 0x00000000d5580000)
  object space 197120K, 81% used [0x0000000080000000,0x0000000089c3a158,0x000000008c080000)
 Metaspace       used 120771K, capacity 128190K, committed 128320K, reserved 1161216K
  class space    used 15721K, capacity 17132K, committed 17216K, reserved 1048576K
Event: 1987.160 GC heap after
Heap after GC invocations=30 (full 4):
 PSYoungGen      total 632320K, used 17304K [0x00000000d5580000, 0x00000000ff700000, 0x0000000100000000)
  eden space 585216K, 0% used [0x00000000d5580000,0x00000000d5580000,0x00000000f9100000)
  from space 47104K, 36% used [0x00000000fc900000,0x00000000fd9e6308,0x00000000ff700000)
  to   space 52224K, 0% used [0x00000000f9100000,0x00000000f9100000,0x00000000fc400000)
 ParOldGen       total 197120K, used 159984K [0x0000000080000000, 0x000000008c080000, 0x00000000d5580000)
  object space 197120K, 81% used [0x0000000080000000,0x0000000089c3c158,0x000000008c080000)
 Metaspace       used 120771K, capacity 128190K, committed 128320K, reserved 1161216K
  class space    used 15721K, capacity 17132K, committed 17216K, reserved 1048576K
}
Event: 2074.453 GC heap before
{Heap before GC invocations=31 (full 4):
 PSYoungGen      total 632320K, used 602520K [0x00000000d5580000, 0x00000000ff700000, 0x0000000100000000)
  eden space 585216K, 100% used [0x00000000d5580000,0x00000000f9100000,0x00000000f9100000)
  from space 47104K, 36% used [0x00000000fc900000,0x00000000fd9e6308,0x00000000ff700000)
  to   space 52224K, 0% used [0x00000000f9100000,0x00000000f9100000,0x00000000fc400000)
 ParOldGen       total 197120K, used 159984K [0x0000000080000000, 0x000000008c080000, 0x00000000d5580000)
  object space 197120K, 81% used [0x0000000080000000,0x0000000089c3c158,0x000000008c080000)
 Metaspace       used 121635K, capacity 130254K, committed 130368K, reserved 1163264K
  class space    used 15895K, capacity 17454K, committed 17472K, reserved 1048576K
Event: 2074.495 GC heap after
Heap after GC invocations=31 (full 4):
 PSYoungGen      total 637440K, used 15088K [0x00000000d5580000, 0x0000000100000000, 0x0000000100000000)
  eden space 585216K, 0% used [0x00000000d5580000,0x00000000d5580000,0x00000000f9100000)
  from space 52224K, 28% used [0x00000000f9100000,0x00000000f9fbc2a0,0x00000000fc400000)
  to   space 50176K, 0% used [0x00000000fcf00000,0x00000000fcf00000,0x0000000100000000)
 ParOldGen       total 197120K, used 159992K [0x0000000080000000, 0x000000008c080000, 0x00000000d5580000)
  object space 197120K, 81% used [0x0000000080000000,0x0000000089c3e158,0x000000008c080000)
 Metaspace       used 121635K, capacity 130254K, committed 130368K, reserved 1163264K
  class space    used 15895K, capacity 17454K, committed 17472K, reserved 1048576K
}
Event: 2152.571 GC heap before
{Heap before GC invocations=32 (full 4):
 PSYoungGen      total 637440K, used 600304K [0x00000000d5580000, 0x0000000100000000, 0x0000000100000000)
  eden space 585216K, 100% used [0x00000000d5580000,0x00000000f9100000,0x00000000f9100000)
  from space 52224K, 28% used [0x00000000f9100000,0x00000000f9fbc2a0,0x00000000fc400000)
  to   space 50176K, 0% used [0x00000000fcf00000,0x00000000fcf00000,0x0000000100000000)
 ParOldGen       total 197120K, used 159992K [0x0000000080000000, 0x000000008c080000, 0x00000000d5580000)
  object space 197120K, 81% used [0x0000000080000000,0x0000000089c3e158,0x000000008c080000)
 Metaspace       used 130125K, capacity 138812K, committed 139200K, reserved 1169408K
  class space    used 16919K, capacity 18503K, committed 18624K, reserved 1048576K
Event: 2152.730 GC heap after
Heap after GC invocations=32 (full 4):
 PSYoungGen      total 607744K, used 50158K [0x00000000d5580000, 0x0000000100000000, 0x0000000100000000)
  eden space 557568K, 0% used [0x00000000d5580000,0x00000000d5580000,0x00000000f7600000)
  from space 50176K, 99% used [0x00000000fcf00000,0x00000000ffffba68,0x0000000100000000)
  to   space 70656K, 0% used [0x00000000f7600000,0x00000000f7600000,0x00000000fbb00000)
 ParOldGen       total 197120K, used 193969K [0x0000000080000000, 0x000000008c080000, 0x00000000d5580000)
  object space 197120K, 98% used [0x0000000080000000,0x000000008bd6c4f8,0x000000008c080000)
 Metaspace       used 130125K, capacity 138812K, committed 139200K, reserved 1169408K
  class space    used 16919K, capacity 18503K, committed 18624K, reserved 1048576K
}
Event: 2152.730 GC heap before
{Heap before GC invocations=33 (full 5):
 PSYoungGen      total 607744K, used 50158K [0x00000000d5580000, 0x0000000100000000, 0x0000000100000000)
  eden space 557568K, 0% used [0x00000000d5580000,0x00000000d5580000,0x00000000f7600000)
  from space 50176K, 99% used [0x00000000fcf00000,0x00000000ffffba68,0x0000000100000000)
  to   space 70656K, 0% used [0x00000000f7600000,0x00000000f7600000,0x00000000fbb00000)
 ParOldGen       total 197120K, used 193969K [0x0000000080000000, 0x000000008c080000, 0x00000000d5580000)
  object space 197120K, 98% used [0x0000000080000000,0x000000008bd6c4f8,0x000000008c080000)
 Metaspace       used 130125K, capacity 138812K, committed 139200K, reserved 1169408K
  class space    used 16919K, capacity 18503K, committed 18624K, reserved 1048576K

